src/modules/auth/signin.page.test.tsx(25,9): error TS6133: 'mockSetLocation' is declared but its value is never read.
src/modules/auth/signin.page.test.tsx(109,9): error TS2322: Type '{ id: string; email: string; verified: boolean; }' is not assignable to type '{ _id: string; type: "user"; email: string; fullname: string; verified: boolean; invitationToken?: string | undefined; invitationExpiry?: number | undefined; twoFactorEnabled?: boolean | undefined; twoFactorSecret?: string | undefined; createdAt: number; updatedAt: number; profile?: { ...; } | undefined; } | { ...; }'.
  Type '{ id: string; email: string; verified: boolean; }' is missing the following properties from type '{ _id: string; type: "user"; email: string; fullname: string; verified: boolean; invitationToken?: string | undefined; invitationExpiry?: number | undefined; twoFactorEnabled?: boolean | undefined; twoFactorSecret?: string | undefined; createdAt: number; updatedAt: number; profile?: { ...; } | undefined; }': _id, type, fullname, createdAt, updatedAt
src/modules/auth/signin.page.test.tsx(110,9): error TS2741: Property 'expiresAt' is missing in type '{ id: string; userId: string; token: string; }' but required in type '{ token: string; expiresAt: number; }'.
src/modules/auth/signin.page.test.tsx(186,9): error TS2322: Type '{ id: string; email: string; verified: boolean; }' is not assignable to type '{ _id: string; type: "user"; email: string; fullname: string; verified: boolean; invitationToken?: string | undefined; invitationExpiry?: number | undefined; twoFactorEnabled?: boolean | undefined; twoFactorSecret?: string | undefined; createdAt: number; updatedAt: number; profile?: { ...; } | undefined; } | { ...; }'.
  Type '{ id: string; email: string; verified: boolean; }' is missing the following properties from type '{ _id: string; type: "user"; email: string; fullname: string; verified: boolean; invitationToken?: string | undefined; invitationExpiry?: number | undefined; twoFactorEnabled?: boolean | undefined; twoFactorSecret?: string | undefined; createdAt: number; updatedAt: number; profile?: { ...; } | undefined; }': _id, type, fullname, createdAt, updatedAt
src/modules/auth/signin.page.test.tsx(187,9): error TS2322: Type 'null' is not assignable to type '{ token: string; expiresAt: number; } | undefined'.
src/modules/auth/signin.page.test.tsx(223,9): error TS2322: Type '{ id: string; email: string; verified: boolean; }' is not assignable to type '{ _id: string; type: "user"; email: string; fullname: string; verified: boolean; invitationToken?: string | undefined; invitationExpiry?: number | undefined; twoFactorEnabled?: boolean | undefined; twoFactorSecret?: string | undefined; createdAt: number; updatedAt: number; profile?: { ...; } | undefined; } | { ...; }'.
  Type '{ id: string; email: string; verified: boolean; }' is missing the following properties from type '{ _id: string; type: "user"; email: string; fullname: string; verified: boolean; invitationToken?: string | undefined; invitationExpiry?: number | undefined; twoFactorEnabled?: boolean | undefined; twoFactorSecret?: string | undefined; createdAt: number; updatedAt: number; profile?: { ...; } | undefined; }': _id, type, fullname, createdAt, updatedAt
src/modules/auth/signin.page.test.tsx(224,9): error TS2322: Type 'null' is not assignable to type '{ token: string; expiresAt: number; } | undefined'.
src/modules/auth/signin.page.test.tsx(230,9): error TS2739: Type '{ id: string; email: string; verified: boolean; }' is missing the following properties from type '{ _id: string; type: "user"; email: string; fullname: string; verified: boolean; invitationToken?: string | undefined; invitationExpiry?: number | undefined; twoFactorEnabled?: boolean | undefined; twoFactorSecret?: string | undefined; createdAt: number; updatedAt: number; profile?: { ...; } | undefined; }': _id, type, fullname, createdAt, updatedAt
src/modules/auth/signin.page.test.tsx(231,9): error TS2741: Property 'expiresAt' is missing in type '{ id: string; userId: string; token: string; }' but required in type '{ token: string; expiresAt: number; }'.
src/modules/auth/signin.page.test.tsx(274,9): error TS2322: Type '{ id: string; email: string; verified: boolean; }' is not assignable to type '{ _id: string; type: "user"; email: string; fullname: string; verified: boolean; invitationToken?: string | undefined; invitationExpiry?: number | undefined; twoFactorEnabled?: boolean | undefined; twoFactorSecret?: string | undefined; createdAt: number; updatedAt: number; profile?: { ...; } | undefined; } | { ...; }'.
  Type '{ id: string; email: string; verified: boolean; }' is missing the following properties from type '{ _id: string; type: "user"; email: string; fullname: string; verified: boolean; invitationToken?: string | undefined; invitationExpiry?: number | undefined; twoFactorEnabled?: boolean | undefined; twoFactorSecret?: string | undefined; createdAt: number; updatedAt: number; profile?: { ...; } | undefined; }': _id, type, fullname, createdAt, updatedAt
src/modules/auth/signin.page.test.tsx(275,9): error TS2322: Type 'null' is not assignable to type '{ token: string; expiresAt: number; } | undefined'.
src/modules/auth/signin.page.test.tsx(320,9): error TS2322: Type '{ id: string; email: string; verified: boolean; }' is not assignable to type '{ _id: string; type: "user"; email: string; fullname: string; verified: boolean; invitationToken?: string | undefined; invitationExpiry?: number | undefined; twoFactorEnabled?: boolean | undefined; twoFactorSecret?: string | undefined; createdAt: number; updatedAt: number; profile?: { ...; } | undefined; } | { ...; }'.
  Type '{ id: string; email: string; verified: boolean; }' is missing the following properties from type '{ _id: string; type: "user"; email: string; fullname: string; verified: boolean; invitationToken?: string | undefined; invitationExpiry?: number | undefined; twoFactorEnabled?: boolean | undefined; twoFactorSecret?: string | undefined; createdAt: number; updatedAt: number; profile?: { ...; } | undefined; }': _id, type, fullname, createdAt, updatedAt
src/modules/auth/signin.page.test.tsx(321,9): error TS2322: Type 'null' is not assignable to type '{ token: string; expiresAt: number; } | undefined'.
src/modules/auth/signin.page.test.tsx(361,9): error TS2322: Type '{ id: string; email: string; verified: boolean; }' is not assignable to type '{ _id: string; type: "user"; email: string; fullname: string; verified: boolean; invitationToken?: string | undefined; invitationExpiry?: number | undefined; twoFactorEnabled?: boolean | undefined; twoFactorSecret?: string | undefined; createdAt: number; updatedAt: number; profile?: { ...; } | undefined; } | { ...; }'.
  Type '{ id: string; email: string; verified: boolean; }' is missing the following properties from type '{ _id: string; type: "user"; email: string; fullname: string; verified: boolean; invitationToken?: string | undefined; invitationExpiry?: number | undefined; twoFactorEnabled?: boolean | undefined; twoFactorSecret?: string | undefined; createdAt: number; updatedAt: number; profile?: { ...; } | undefined; }': _id, type, fullname, createdAt, updatedAt
src/modules/auth/signin.page.test.tsx(362,9): error TS2322: Type 'null' is not assignable to type '{ token: string; expiresAt: number; } | undefined'.
src/modules/auth/user/acceptInvite.page.tsx(42,17): error TS6133: 'currentUser' is declared but its value is never read.
src/test/setup.ts(2,10): error TS6133: 'expect' is declared but its value is never read.
src/test/setup.ts(54,8): error TS7017: Element implicitly has an 'any' type because type 'typeof globalThis' has no index signature.
